<?xml version="1.0" encoding="UTF-8"?>
<coverage generated="1609090214315" clover="3.2.0">
  <project timestamp="1609090214315" name="All files">
    <metrics statements="119" coveredstatements="110" conditionals="61" coveredconditionals="54" methods="26" coveredmethods="26" elements="206" coveredelements="190" complexity="0" loc="119" ncloc="119" packages="1" files="5" classes="5"/>
    <file name="Coordinate.js" path="C:\Users\enzoh\Desktop\Projects\rover-nasa-problem\src\Coordinate.js">
      <metrics statements="6" coveredstatements="6" conditionals="0" coveredconditionals="0" methods="4" coveredmethods="4"/>
      <line num="5" count="55" type="stmt"/>
      <line num="6" count="55" type="stmt"/>
      <line num="9" count="32" type="stmt"/>
      <line num="12" count="1" type="stmt"/>
      <line num="15" count="1" type="stmt"/>
      <line num="19" count="3" type="stmt"/>
    </file>
    <file name="Planet.js" path="C:\Users\enzoh\Desktop\Projects\rover-nasa-problem\src\Planet.js">
      <metrics statements="8" coveredstatements="8" conditionals="0" coveredconditionals="0" methods="6" coveredmethods="6"/>
      <line num="6" count="208" type="stmt"/>
      <line num="7" count="3" type="stmt"/>
      <line num="8" count="3" type="stmt"/>
      <line num="12" count="32" type="stmt"/>
      <line num="15" count="30" type="stmt"/>
      <line num="18" count="40027" type="stmt"/>
      <line num="22" count="13" type="stmt"/>
      <line num="26" count="2" type="stmt"/>
    </file>
    <file name="Rover.js" path="C:\Users\enzoh\Desktop\Projects\rover-nasa-problem\src\Rover.js">
      <metrics statements="45" coveredstatements="45" conditionals="13" coveredconditionals="13" methods="10" coveredmethods="10"/>
      <line num="1" count="2" type="stmt"/>
      <line num="2" count="2" type="stmt"/>
      <line num="10" count="21" type="stmt"/>
      <line num="11" count="21" type="stmt"/>
      <line num="12" count="21" type="stmt"/>
      <line num="13" count="21" type="stmt"/>
      <line num="17" count="35" type="stmt"/>
      <line num="21" count="8" type="stmt"/>
      <line num="25" count="42" type="stmt"/>
      <line num="29" count="30" type="stmt"/>
      <line num="33" count="32" type="stmt"/>
      <line num="37" count="8" type="stmt"/>
      <line num="42" count="4" type="cond" truecount="2" falsecount="0"/>
      <line num="43" count="3" type="stmt"/>
      <line num="44" count="3" type="stmt"/>
      <line num="45" count="3" type="stmt"/>
      <line num="51" count="32" type="stmt"/>
      <line num="52" count="32" type="cond" truecount="5" falsecount="0"/>
      <line num="54" count="4" type="stmt"/>
      <line num="55" count="4" type="stmt"/>
      <line num="56" count="4" type="stmt"/>
      <line num="59" count="15" type="stmt"/>
      <line num="60" count="15" type="stmt"/>
      <line num="61" count="15" type="stmt"/>
      <line num="64" count="2" type="stmt"/>
      <line num="65" count="2" type="stmt"/>
      <line num="66" count="2" type="stmt"/>
      <line num="69" count="10" type="stmt"/>
      <line num="70" count="10" type="stmt"/>
      <line num="71" count="10" type="stmt"/>
      <line num="73" count="1" type="stmt"/>
      <line num="75" count="32" type="cond" truecount="2" falsecount="0"/>
      <line num="76" count="31" type="stmt"/>
      <line num="77" count="31" type="stmt"/>
      <line num="83" count="28" type="cond" truecount="4" falsecount="0"/>
      <line num="85" count="20" type="stmt"/>
      <line num="86" count="20" type="stmt"/>
      <line num="89" count="6" type="stmt"/>
      <line num="90" count="6" type="stmt"/>
      <line num="91" count="6" type="stmt"/>
      <line num="94" count="1" type="stmt"/>
      <line num="95" count="1" type="stmt"/>
      <line num="96" count="1" type="stmt"/>
      <line num="98" count="1" type="stmt"/>
      <line num="104" count="2" type="stmt"/>
    </file>
    <file name="RoverHandler.js" path="C:\Users\enzoh\Desktop\Projects\rover-nasa-problem\src\RoverHandler.js">
      <metrics statements="45" coveredstatements="36" conditionals="29" coveredconditionals="22" methods="5" coveredmethods="5"/>
      <line num="1" count="1" type="stmt"/>
      <line num="9" count="8" type="stmt"/>
      <line num="10" count="8" type="stmt"/>
      <line num="15" count="4" type="stmt"/>
      <line num="16" count="25" type="cond" truecount="2" falsecount="0"/>
      <line num="17" count="2" type="stmt"/>
      <line num="19" count="4" type="cond" truecount="2" falsecount="0"/>
      <line num="24" count="28" type="cond" truecount="4" falsecount="1"/>
      <line num="26" count="5" type="cond" truecount="2" falsecount="0"/>
      <line num="29" count="13" type="cond" truecount="2" falsecount="0"/>
      <line num="32" count="1" type="cond" truecount="1" falsecount="1"/>
      <line num="35" count="9" type="cond" truecount="2" falsecount="0"/>
      <line num="38" count="0" type="stmt"/>
      <line num="44" count="6" type="stmt"/>
      <line num="47" count="25" type="stmt"/>
      <line num="48" count="25" type="stmt"/>
      <line num="49" count="25" type="stmt"/>
      <line num="50" count="25" type="stmt"/>
      <line num="51" count="25" type="stmt"/>
      <line num="53" count="25" type="cond" truecount="3" falsecount="1"/>
      <line num="55" count="18" type="cond" truecount="1" falsecount="1"/>
      <line num="56" count="18" type="stmt"/>
      <line num="57" count="18" type="stmt"/>
      <line num="58" count="0" type="stmt"/>
      <line num="59" count="0" type="stmt"/>
      <line num="62" count="6" type="stmt"/>
      <line num="63" count="6" type="cond" truecount="2" falsecount="0"/>
      <line num="64" count="5" type="stmt"/>
      <line num="65" count="5" type="stmt"/>
      <line num="66" count="1" type="stmt"/>
      <line num="67" count="1" type="stmt"/>
      <line num="70" count="0" type="stmt"/>
      <line num="71" count="0" type="cond" truecount="0" falsecount="2"/>
      <line num="72" count="0" type="stmt"/>
      <line num="73" count="0" type="stmt"/>
      <line num="74" count="0" type="stmt"/>
      <line num="75" count="0" type="stmt"/>
      <line num="78" count="1" type="stmt"/>
      <line num="79" count="1" type="stmt"/>
      <line num="80" count="1" type="stmt"/>
      <line num="83" count="2" type="cond" truecount="1" falsecount="1"/>
      <line num="84" count="2" type="stmt"/>
      <line num="85" count="2" type="stmt"/>
      <line num="86" count="2" type="stmt"/>
      <line num="91" count="1" type="stmt"/>
    </file>
    <file name="utils.js" path="C:\Users\enzoh\Desktop\Projects\rover-nasa-problem\src\utils.js">
      <metrics statements="15" coveredstatements="15" conditionals="19" coveredconditionals="19" methods="1" coveredmethods="1"/>
      <line num="1" count="3" type="stmt"/>
      <line num="7" count="3" type="stmt"/>
      <line num="14" count="24" type="cond" truecount="3" falsecount="0"/>
      <line num="16" count="17" type="cond" truecount="2" falsecount="0"/>
      <line num="17" count="13" type="cond" truecount="2" falsecount="0"/>
      <line num="18" count="12" type="cond" truecount="2" falsecount="0"/>
      <line num="19" count="11" type="cond" truecount="2" falsecount="0"/>
      <line num="20" count="1" type="stmt"/>
      <line num="23" count="6" type="cond" truecount="2" falsecount="0"/>
      <line num="24" count="5" type="cond" truecount="2" falsecount="0"/>
      <line num="25" count="4" type="cond" truecount="2" falsecount="0"/>
      <line num="26" count="3" type="cond" truecount="2" falsecount="0"/>
      <line num="27" count="1" type="stmt"/>
      <line num="29" count="1" type="stmt"/>
      <line num="32" count="3" type="stmt"/>
    </file>
  </project>
</coverage>
