<?xml version="1.0" encoding="UTF-8"?>
<coverage generated="1608925860427" clover="3.2.0">
  <project timestamp="1608925860427" name="All files">
    <metrics statements="116" coveredstatements="106" conditionals="61" coveredconditionals="51" methods="25" coveredmethods="25" elements="202" coveredelements="182" complexity="0" loc="116" ncloc="116" packages="1" files="4" classes="4"/>
    <file name="Coordinate.js" path="C:\Users\enzoh\Desktop\Projects\rover-nasa-problem\src\Coordinate.js">
      <metrics statements="6" coveredstatements="6" conditionals="0" coveredconditionals="0" methods="4" coveredmethods="4"/>
      <line num="5" count="48" type="stmt"/>
      <line num="6" count="48" type="stmt"/>
      <line num="9" count="24" type="stmt"/>
      <line num="12" count="1" type="stmt"/>
      <line num="15" count="1" type="stmt"/>
      <line num="19" count="3" type="stmt"/>
    </file>
    <file name="Planet.js" path="C:\Users\enzoh\Desktop\Projects\rover-nasa-problem\src\Planet.js">
      <metrics statements="8" coveredstatements="8" conditionals="0" coveredconditionals="0" methods="6" coveredmethods="6"/>
      <line num="6" count="204" type="stmt"/>
      <line num="7" count="2" type="stmt"/>
      <line num="8" count="2" type="stmt"/>
      <line num="12" count="24" type="stmt"/>
      <line num="15" count="22" type="stmt"/>
      <line num="18" count="40018" type="stmt"/>
      <line num="22" count="6" type="stmt"/>
      <line num="26" count="2" type="stmt"/>
    </file>
    <file name="Rover.js" path="C:\Users\enzoh\Desktop\Projects\rover-nasa-problem\src\Rover.js">
      <metrics statements="45" coveredstatements="45" conditionals="13" coveredconditionals="13" methods="10" coveredmethods="10"/>
      <line num="1" count="2" type="stmt"/>
      <line num="2" count="2" type="stmt"/>
      <line num="10" count="22" type="stmt"/>
      <line num="11" count="22" type="stmt"/>
      <line num="12" count="22" type="stmt"/>
      <line num="13" count="22" type="stmt"/>
      <line num="17" count="27" type="stmt"/>
      <line num="21" count="6" type="stmt"/>
      <line num="25" count="33" type="stmt"/>
      <line num="29" count="22" type="stmt"/>
      <line num="33" count="24" type="stmt"/>
      <line num="37" count="8" type="stmt"/>
      <line num="42" count="4" type="cond" truecount="2" falsecount="0"/>
      <line num="43" count="3" type="stmt"/>
      <line num="44" count="3" type="stmt"/>
      <line num="45" count="3" type="stmt"/>
      <line num="51" count="24" type="stmt"/>
      <line num="52" count="24" type="cond" truecount="5" falsecount="0"/>
      <line num="54" count="1" type="stmt"/>
      <line num="55" count="1" type="stmt"/>
      <line num="56" count="1" type="stmt"/>
      <line num="59" count="12" type="stmt"/>
      <line num="60" count="12" type="stmt"/>
      <line num="61" count="12" type="stmt"/>
      <line num="64" count="2" type="stmt"/>
      <line num="65" count="2" type="stmt"/>
      <line num="66" count="2" type="stmt"/>
      <line num="69" count="8" type="stmt"/>
      <line num="70" count="8" type="stmt"/>
      <line num="71" count="8" type="stmt"/>
      <line num="73" count="1" type="stmt"/>
      <line num="75" count="24" type="cond" truecount="2" falsecount="0"/>
      <line num="76" count="23" type="stmt"/>
      <line num="77" count="23" type="stmt"/>
      <line num="83" count="20" type="cond" truecount="4" falsecount="0"/>
      <line num="85" count="14" type="stmt"/>
      <line num="86" count="14" type="stmt"/>
      <line num="89" count="1" type="stmt"/>
      <line num="90" count="1" type="stmt"/>
      <line num="91" count="1" type="stmt"/>
      <line num="94" count="4" type="stmt"/>
      <line num="95" count="4" type="stmt"/>
      <line num="96" count="4" type="stmt"/>
      <line num="98" count="1" type="stmt"/>
      <line num="103" count="2" type="stmt"/>
    </file>
    <file name="RoverHandler.js" path="C:\Users\enzoh\Desktop\Projects\rover-nasa-problem\src\RoverHandler.js">
      <metrics statements="57" coveredstatements="47" conditionals="48" coveredconditionals="38" methods="5" coveredmethods="5"/>
      <line num="1" count="2" type="stmt"/>
      <line num="7" count="2" type="stmt"/>
      <line num="18" count="9" type="stmt"/>
      <line num="19" count="9" type="stmt"/>
      <line num="24" count="3" type="stmt"/>
      <line num="25" count="17" type="cond" truecount="2" falsecount="0"/>
      <line num="26" count="2" type="stmt"/>
      <line num="28" count="3" type="cond" truecount="2" falsecount="0"/>
      <line num="33" count="20" type="cond" truecount="4" falsecount="1"/>
      <line num="35" count="1" type="cond" truecount="1" falsecount="1"/>
      <line num="38" count="11" type="cond" truecount="2" falsecount="0"/>
      <line num="41" count="1" type="cond" truecount="1" falsecount="1"/>
      <line num="44" count="7" type="cond" truecount="2" falsecount="0"/>
      <line num="47" count="0" type="stmt"/>
      <line num="53" count="12" type="cond" truecount="2" falsecount="1"/>
      <line num="55" count="5" type="cond" truecount="2" falsecount="0"/>
      <line num="56" count="3" type="cond" truecount="2" falsecount="0"/>
      <line num="57" count="2" type="cond" truecount="2" falsecount="0"/>
      <line num="58" count="1" type="cond" truecount="1" falsecount="1"/>
      <line num="59" count="0" type="stmt"/>
      <line num="62" count="7" type="cond" truecount="2" falsecount="0"/>
      <line num="63" count="6" type="cond" truecount="2" falsecount="0"/>
      <line num="64" count="5" type="cond" truecount="2" falsecount="0"/>
      <line num="65" count="4" type="cond" truecount="1" falsecount="1"/>
      <line num="66" count="0" type="stmt"/>
      <line num="68" count="0" type="stmt"/>
      <line num="72" count="17" type="stmt"/>
      <line num="73" count="17" type="stmt"/>
      <line num="74" count="17" type="stmt"/>
      <line num="75" count="17" type="stmt"/>
      <line num="76" count="17" type="stmt"/>
      <line num="78" count="17" type="cond" truecount="4" falsecount="0"/>
      <line num="80" count="12" type="cond" truecount="1" falsecount="1"/>
      <line num="81" count="12" type="stmt"/>
      <line num="82" count="12" type="stmt"/>
      <line num="83" count="0" type="stmt"/>
      <line num="84" count="0" type="stmt"/>
      <line num="87" count="1" type="stmt"/>
      <line num="88" count="1" type="cond" truecount="1" falsecount="1"/>
      <line num="89" count="0" type="stmt"/>
      <line num="90" count="0" type="stmt"/>
      <line num="91" count="1" type="stmt"/>
      <line num="92" count="1" type="stmt"/>
      <line num="95" count="3" type="stmt"/>
      <line num="96" count="3" type="cond" truecount="1" falsecount="1"/>
      <line num="97" count="3" type="stmt"/>
      <line num="98" count="3" type="stmt"/>
      <line num="99" count="0" type="stmt"/>
      <line num="100" count="0" type="stmt"/>
      <line num="103" count="1" type="stmt"/>
      <line num="104" count="1" type="stmt"/>
      <line num="105" count="1" type="stmt"/>
      <line num="108" count="2" type="cond" truecount="1" falsecount="1"/>
      <line num="109" count="2" type="stmt"/>
      <line num="110" count="2" type="stmt"/>
      <line num="111" count="2" type="stmt"/>
      <line num="116" count="2" type="stmt"/>
    </file>
  </project>
</coverage>
