{"C:\\Users\\enzoh\\Desktop\\Projects\\rover-nasa-problem\\src\\Coordinate.js": {"path":"C:\\Users\\enzoh\\Desktop\\Projects\\rover-nasa-problem\\src\\Coordinate.js","statementMap":{"0":{"start":{"line":5,"column":8},"end":{"line":5,"column":19}},"1":{"start":{"line":6,"column":8},"end":{"line":6,"column":19}},"2":{"start":{"line":9,"column":8},"end":{"line":9,"column":39}},"3":{"start":{"line":12,"column":8},"end":{"line":12,"column":22}},"4":{"start":{"line":15,"column":8},"end":{"line":15,"column":22}},"5":{"start":{"line":19,"column":0},"end":{"line":19,"column":28}}},"fnMap":{"0":{"name":"(anonymous_0)","decl":{"start":{"line":4,"column":4},"end":{"line":4,"column":5}},"loc":{"start":{"line":4,"column":22},"end":{"line":7,"column":5}},"line":4},"1":{"name":"(anonymous_1)","decl":{"start":{"line":8,"column":4},"end":{"line":8,"column":5}},"loc":{"start":{"line":8,"column":20},"end":{"line":10,"column":5}},"line":8},"2":{"name":"(anonymous_2)","decl":{"start":{"line":11,"column":4},"end":{"line":11,"column":5}},"loc":{"start":{"line":11,"column":11},"end":{"line":13,"column":5}},"line":11},"3":{"name":"(anonymous_3)","decl":{"start":{"line":14,"column":4},"end":{"line":14,"column":5}},"loc":{"start":{"line":14,"column":11},"end":{"line":16,"column":5}},"line":14}},"branchMap":{},"s":{"0":55,"1":55,"2":32,"3":1,"4":1,"5":3},"f":{"0":55,"1":32,"2":1,"3":1},"b":{},"_coverageSchema":"1a1c01bbd47fc00a2c39e90264f33305004495a9","hash":"8ca16674c01cb439a69eab0984bf234056408b2c"}
,"C:\\Users\\enzoh\\Desktop\\Projects\\rover-nasa-problem\\src\\Planet.js": {"path":"C:\\Users\\enzoh\\Desktop\\Projects\\rover-nasa-problem\\src\\Planet.js","statementMap":{"0":{"start":{"line":6,"column":8},"end":{"line":6,"column":80}},"1":{"start":{"line":6,"column":56},"end":{"line":6,"column":78}},"2":{"start":{"line":7,"column":8},"end":{"line":7,"column":24}},"3":{"start":{"line":8,"column":8},"end":{"line":8,"column":24}},"4":{"start":{"line":12,"column":8},"end":{"line":12,"column":25}},"5":{"start":{"line":15,"column":8},"end":{"line":15,"column":25}},"6":{"start":{"line":18,"column":8},"end":{"line":18,"column":34}},"7":{"start":{"line":22,"column":8},"end":{"line":22,"column":34}},"8":{"start":{"line":26,"column":0},"end":{"line":26,"column":24}}},"fnMap":{"0":{"name":"(anonymous_0)","decl":{"start":{"line":5,"column":4},"end":{"line":5,"column":5}},"loc":{"start":{"line":5,"column":26},"end":{"line":9,"column":5}},"line":5},"1":{"name":"(anonymous_1)","decl":{"start":{"line":6,"column":50},"end":{"line":6,"column":51}},"loc":{"start":{"line":6,"column":56},"end":{"line":6,"column":78}},"line":6},"2":{"name":"(anonymous_2)","decl":{"start":{"line":11,"column":4},"end":{"line":11,"column":5}},"loc":{"start":{"line":11,"column":13},"end":{"line":13,"column":5}},"line":11},"3":{"name":"(anonymous_3)","decl":{"start":{"line":14,"column":4},"end":{"line":14,"column":5}},"loc":{"start":{"line":14,"column":13},"end":{"line":16,"column":5}},"line":14},"4":{"name":"(anonymous_4)","decl":{"start":{"line":17,"column":4},"end":{"line":17,"column":5}},"loc":{"start":{"line":17,"column":25},"end":{"line":19,"column":5}},"line":17},"5":{"name":"(anonymous_5)","decl":{"start":{"line":21,"column":4},"end":{"line":21,"column":5}},"loc":{"start":{"line":21,"column":22},"end":{"line":23,"column":5}},"line":21}},"branchMap":{},"s":{"0":3,"1":208,"2":3,"3":3,"4":32,"5":30,"6":40027,"7":13,"8":2},"f":{"0":3,"1":208,"2":32,"3":30,"4":40027,"5":13},"b":{},"_coverageSchema":"1a1c01bbd47fc00a2c39e90264f33305004495a9","hash":"e0ca3e17e8e81d42925d142fc18cc0c475806176"}
,"C:\\Users\\enzoh\\Desktop\\Projects\\rover-nasa-problem\\src\\Rover.js": {"path":"C:\\Users\\enzoh\\Desktop\\Projects\\rover-nasa-problem\\src\\Rover.js","statementMap":{"0":{"start":{"line":1,"column":19},"end":{"line":1,"column":42}},"1":{"start":{"line":2,"column":51},"end":{"line":2,"column":69}},"2":{"start":{"line":10,"column":8},"end":{"line":10,"column":24}},"3":{"start":{"line":11,"column":8},"end":{"line":11,"column":45}},"4":{"start":{"line":12,"column":8},"end":{"line":12,"column":43}},"5":{"start":{"line":13,"column":8},"end":{"line":13,"column":43}},"6":{"start":{"line":17,"column":8},"end":{"line":17,"column":38}},"7":{"start":{"line":21,"column":8},"end":{"line":21,"column":36}},"8":{"start":{"line":25,"column":8},"end":{"line":25,"column":32}},"9":{"start":{"line":29,"column":8},"end":{"line":29,"column":31}},"10":{"start":{"line":33,"column":8},"end":{"line":33,"column":36}},"11":{"start":{"line":37,"column":8},"end":{"line":37,"column":26}},"12":{"start":{"line":42,"column":8},"end":{"line":46,"column":9}},"13":{"start":{"line":43,"column":35},"end":{"line":43,"column":68}},"14":{"start":{"line":44,"column":12},"end":{"line":44,"column":58}},"15":{"start":{"line":45,"column":12},"end":{"line":45,"column":47}},"16":{"start":{"line":51,"column":28},"end":{"line":51,"column":32}},"17":{"start":{"line":52,"column":8},"end":{"line":74,"column":9}},"18":{"start":{"line":54,"column":33},"end":{"line":54,"column":65}},"19":{"start":{"line":55,"column":16},"end":{"line":55,"column":57}},"20":{"start":{"line":56,"column":16},"end":{"line":56,"column":22}},"21":{"start":{"line":59,"column":33},"end":{"line":59,"column":65}},"22":{"start":{"line":60,"column":16},"end":{"line":60,"column":57}},"23":{"start":{"line":61,"column":16},"end":{"line":61,"column":22}},"24":{"start":{"line":64,"column":33},"end":{"line":64,"column":65}},"25":{"start":{"line":65,"column":16},"end":{"line":65,"column":57}},"26":{"start":{"line":66,"column":16},"end":{"line":66,"column":22}},"27":{"start":{"line":69,"column":33},"end":{"line":69,"column":65}},"28":{"start":{"line":70,"column":16},"end":{"line":70,"column":57}},"29":{"start":{"line":71,"column":16},"end":{"line":71,"column":22}},"30":{"start":{"line":73,"column":21},"end":{"line":73,"column":27}},"31":{"start":{"line":75,"column":8},"end":{"line":78,"column":9}},"32":{"start":{"line":76,"column":12},"end":{"line":76,"column":46}},"33":{"start":{"line":77,"column":12},"end":{"line":77,"column":46}},"34":{"start":{"line":83,"column":8},"end":{"line":99,"column":9}},"35":{"start":{"line":85,"column":16},"end":{"line":85,"column":35}},"36":{"start":{"line":86,"column":16},"end":{"line":86,"column":22}},"37":{"start":{"line":89,"column":16},"end":{"line":89,"column":78}},"38":{"start":{"line":90,"column":16},"end":{"line":90,"column":35}},"39":{"start":{"line":91,"column":16},"end":{"line":91,"column":22}},"40":{"start":{"line":94,"column":16},"end":{"line":94,"column":78}},"41":{"start":{"line":95,"column":16},"end":{"line":95,"column":35}},"42":{"start":{"line":96,"column":16},"end":{"line":96,"column":22}},"43":{"start":{"line":98,"column":21},"end":{"line":98,"column":27}},"44":{"start":{"line":104,"column":0},"end":{"line":104,"column":23}}},"fnMap":{"0":{"name":"(anonymous_0)","decl":{"start":{"line":9,"column":4},"end":{"line":9,"column":5}},"loc":{"start":{"line":9,"column":53},"end":{"line":14,"column":5}},"line":9},"1":{"name":"(anonymous_1)","decl":{"start":{"line":16,"column":4},"end":{"line":16,"column":5}},"loc":{"start":{"line":16,"column":30},"end":{"line":18,"column":5}},"line":16},"2":{"name":"(anonymous_2)","decl":{"start":{"line":20,"column":4},"end":{"line":20,"column":5}},"loc":{"start":{"line":20,"column":28},"end":{"line":22,"column":5}},"line":20},"3":{"name":"(anonymous_3)","decl":{"start":{"line":24,"column":4},"end":{"line":24,"column":5}},"loc":{"start":{"line":24,"column":20},"end":{"line":26,"column":5}},"line":24},"4":{"name":"(anonymous_4)","decl":{"start":{"line":28,"column":4},"end":{"line":28,"column":5}},"loc":{"start":{"line":28,"column":19},"end":{"line":30,"column":5}},"line":28},"5":{"name":"(anonymous_5)","decl":{"start":{"line":32,"column":4},"end":{"line":32,"column":5}},"loc":{"start":{"line":32,"column":30},"end":{"line":34,"column":5}},"line":32},"6":{"name":"(anonymous_6)","decl":{"start":{"line":36,"column":4},"end":{"line":36,"column":5}},"loc":{"start":{"line":36,"column":14},"end":{"line":38,"column":5}},"line":36},"7":{"name":"(anonymous_7)","decl":{"start":{"line":40,"column":4},"end":{"line":40,"column":5}},"loc":{"start":{"line":40,"column":27},"end":{"line":48,"column":5}},"line":40},"8":{"name":"(anonymous_8)","decl":{"start":{"line":50,"column":4},"end":{"line":50,"column":5}},"loc":{"start":{"line":50,"column":18},"end":{"line":80,"column":5}},"line":50},"9":{"name":"(anonymous_9)","decl":{"start":{"line":82,"column":4},"end":{"line":82,"column":5}},"loc":{"start":{"line":82,"column":28},"end":{"line":100,"column":5}},"line":82}},"branchMap":{"0":{"loc":{"start":{"line":42,"column":8},"end":{"line":46,"column":9}},"type":"if","locations":[{"start":{"line":42,"column":8},"end":{"line":46,"column":9}},{"start":{"line":42,"column":8},"end":{"line":46,"column":9}}],"line":42},"1":{"loc":{"start":{"line":52,"column":8},"end":{"line":74,"column":9}},"type":"switch","locations":[{"start":{"line":53,"column":12},"end":{"line":57,"column":13}},{"start":{"line":58,"column":12},"end":{"line":62,"column":13}},{"start":{"line":63,"column":12},"end":{"line":67,"column":13}},{"start":{"line":68,"column":12},"end":{"line":72,"column":13}},{"start":{"line":73,"column":12},"end":{"line":73,"column":27}}],"line":52},"2":{"loc":{"start":{"line":75,"column":8},"end":{"line":78,"column":9}},"type":"if","locations":[{"start":{"line":75,"column":8},"end":{"line":78,"column":9}},{"start":{"line":75,"column":8},"end":{"line":78,"column":9}}],"line":75},"3":{"loc":{"start":{"line":83,"column":8},"end":{"line":99,"column":9}},"type":"switch","locations":[{"start":{"line":84,"column":12},"end":{"line":87,"column":13}},{"start":{"line":88,"column":12},"end":{"line":92,"column":13}},{"start":{"line":93,"column":12},"end":{"line":97,"column":13}},{"start":{"line":98,"column":12},"end":{"line":98,"column":27}}],"line":83}},"s":{"0":2,"1":2,"2":21,"3":21,"4":21,"5":21,"6":35,"7":8,"8":42,"9":30,"10":32,"11":8,"12":4,"13":3,"14":3,"15":3,"16":32,"17":32,"18":4,"19":4,"20":4,"21":15,"22":15,"23":15,"24":2,"25":2,"26":2,"27":10,"28":10,"29":10,"30":1,"31":32,"32":31,"33":31,"34":28,"35":20,"36":20,"37":6,"38":6,"39":6,"40":1,"41":1,"42":1,"43":1,"44":2},"f":{"0":21,"1":35,"2":8,"3":42,"4":30,"5":32,"6":8,"7":4,"8":32,"9":28},"b":{"0":[3,1],"1":[4,15,2,10,1],"2":[31,1],"3":[20,6,1,1]},"_coverageSchema":"1a1c01bbd47fc00a2c39e90264f33305004495a9","hash":"69403da6c8c2367a680f11877f50aaf1b41e93a7"}
,"C:\\Users\\enzoh\\Desktop\\Projects\\rover-nasa-problem\\src\\RoverHandler.js": {"path":"C:\\Users\\enzoh\\Desktop\\Projects\\rover-nasa-problem\\src\\RoverHandler.js","statementMap":{"0":{"start":{"line":1,"column":51},"end":{"line":1,"column":69}},"1":{"start":{"line":9,"column":8},"end":{"line":9,"column":28}},"2":{"start":{"line":10,"column":8},"end":{"line":10,"column":30}},"3":{"start":{"line":15,"column":8},"end":{"line":18,"column":9}},"4":{"start":{"line":16,"column":12},"end":{"line":17,"column":22}},"5":{"start":{"line":17,"column":16},"end":{"line":17,"column":22}},"6":{"start":{"line":19,"column":8},"end":{"line":19,"column":109}},"7":{"start":{"line":24,"column":8},"end":{"line":40,"column":9}},"8":{"start":{"line":26,"column":16},"end":{"line":26,"column":72}},"9":{"start":{"line":29,"column":16},"end":{"line":29,"column":80}},"10":{"start":{"line":32,"column":16},"end":{"line":32,"column":72}},"11":{"start":{"line":35,"column":16},"end":{"line":35,"column":80}},"12":{"start":{"line":38,"column":16},"end":{"line":38,"column":29}},"13":{"start":{"line":44,"column":8},"end":{"line":44,"column":56}},"14":{"start":{"line":47,"column":23},"end":{"line":47,"column":44}},"15":{"start":{"line":48,"column":23},"end":{"line":48,"column":44}},"16":{"start":{"line":49,"column":33},"end":{"line":49,"column":59}},"17":{"start":{"line":50,"column":25},"end":{"line":50,"column":52}},"18":{"start":{"line":51,"column":33},"end":{"line":51,"column":38}},"19":{"start":{"line":53,"column":8},"end":{"line":82,"column":9}},"20":{"start":{"line":55,"column":16},"end":{"line":58,"column":49}},"21":{"start":{"line":56,"column":20},"end":{"line":56,"column":56}},"22":{"start":{"line":57,"column":20},"end":{"line":57,"column":32}},"23":{"start":{"line":58,"column":23},"end":{"line":58,"column":49}},"24":{"start":{"line":59,"column":16},"end":{"line":59,"column":22}},"25":{"start":{"line":62,"column":38},"end":{"line":62,"column":86}},"26":{"start":{"line":63,"column":16},"end":{"line":66,"column":49}},"27":{"start":{"line":64,"column":20},"end":{"line":64,"column":56}},"28":{"start":{"line":65,"column":20},"end":{"line":65,"column":32}},"29":{"start":{"line":66,"column":23},"end":{"line":66,"column":49}},"30":{"start":{"line":67,"column":16},"end":{"line":67,"column":22}},"31":{"start":{"line":70,"column":38},"end":{"line":70,"column":86}},"32":{"start":{"line":71,"column":16},"end":{"line":74,"column":49}},"33":{"start":{"line":72,"column":20},"end":{"line":72,"column":56}},"34":{"start":{"line":73,"column":20},"end":{"line":73,"column":32}},"35":{"start":{"line":74,"column":23},"end":{"line":74,"column":49}},"36":{"start":{"line":75,"column":16},"end":{"line":75,"column":22}},"37":{"start":{"line":78,"column":16},"end":{"line":78,"column":48}},"38":{"start":{"line":79,"column":16},"end":{"line":79,"column":42}},"39":{"start":{"line":80,"column":16},"end":{"line":80,"column":22}},"40":{"start":{"line":83,"column":8},"end":{"line":87,"column":9}},"41":{"start":{"line":84,"column":12},"end":{"line":84,"column":88}},"42":{"start":{"line":85,"column":12},"end":{"line":85,"column":47}},"43":{"start":{"line":86,"column":12},"end":{"line":86,"column":25}},"44":{"start":{"line":91,"column":0},"end":{"line":91,"column":30}}},"fnMap":{"0":{"name":"(anonymous_0)","decl":{"start":{"line":8,"column":4},"end":{"line":8,"column":5}},"loc":{"start":{"line":8,"column":31},"end":{"line":11,"column":5}},"line":8},"1":{"name":"(anonymous_1)","decl":{"start":{"line":13,"column":4},"end":{"line":13,"column":5}},"loc":{"start":{"line":13,"column":30},"end":{"line":21,"column":5}},"line":13},"2":{"name":"(anonymous_2)","decl":{"start":{"line":23,"column":4},"end":{"line":23,"column":5}},"loc":{"start":{"line":23,"column":60},"end":{"line":41,"column":5}},"line":23},"3":{"name":"(anonymous_3)","decl":{"start":{"line":43,"column":4},"end":{"line":43,"column":5}},"loc":{"start":{"line":43,"column":45},"end":{"line":45,"column":5}},"line":43},"4":{"name":"(anonymous_4)","decl":{"start":{"line":46,"column":4},"end":{"line":46,"column":5}},"loc":{"start":{"line":46,"column":26},"end":{"line":88,"column":5}},"line":46}},"branchMap":{"0":{"loc":{"start":{"line":16,"column":12},"end":{"line":17,"column":22}},"type":"if","locations":[{"start":{"line":16,"column":12},"end":{"line":17,"column":22}},{"start":{"line":16,"column":12},"end":{"line":17,"column":22}}],"line":16},"1":{"loc":{"start":{"line":19,"column":15},"end":{"line":19,"column":108}},"type":"cond-expr","locations":[{"start":{"line":19,"column":39},"end":{"line":19,"column":69}},{"start":{"line":19,"column":72},"end":{"line":19,"column":108}}],"line":19},"2":{"loc":{"start":{"line":24,"column":8},"end":{"line":40,"column":9}},"type":"switch","locations":[{"start":{"line":25,"column":12},"end":{"line":27,"column":13}},{"start":{"line":28,"column":12},"end":{"line":30,"column":13}},{"start":{"line":31,"column":12},"end":{"line":33,"column":13}},{"start":{"line":34,"column":12},"end":{"line":36,"column":13}},{"start":{"line":37,"column":12},"end":{"line":39,"column":13}}],"line":24},"3":{"loc":{"start":{"line":26,"column":23},"end":{"line":26,"column":71}},"type":"binary-expr","locations":[{"start":{"line":26,"column":23},"end":{"line":26,"column":29}},{"start":{"line":26,"column":33},"end":{"line":26,"column":71}}],"line":26},"4":{"loc":{"start":{"line":29,"column":23},"end":{"line":29,"column":79}},"type":"binary-expr","locations":[{"start":{"line":29,"column":23},"end":{"line":29,"column":37}},{"start":{"line":29,"column":41},"end":{"line":29,"column":79}}],"line":29},"5":{"loc":{"start":{"line":32,"column":23},"end":{"line":32,"column":71}},"type":"binary-expr","locations":[{"start":{"line":32,"column":23},"end":{"line":32,"column":29}},{"start":{"line":32,"column":33},"end":{"line":32,"column":71}}],"line":32},"6":{"loc":{"start":{"line":35,"column":23},"end":{"line":35,"column":79}},"type":"binary-expr","locations":[{"start":{"line":35,"column":23},"end":{"line":35,"column":37}},{"start":{"line":35,"column":41},"end":{"line":35,"column":79}}],"line":35},"7":{"loc":{"start":{"line":53,"column":8},"end":{"line":82,"column":9}},"type":"switch","locations":[{"start":{"line":54,"column":12},"end":{"line":60,"column":13}},{"start":{"line":61,"column":12},"end":{"line":68,"column":13}},{"start":{"line":69,"column":12},"end":{"line":76,"column":13}},{"start":{"line":77,"column":12},"end":{"line":81,"column":13}}],"line":53},"8":{"loc":{"start":{"line":55,"column":16},"end":{"line":58,"column":49}},"type":"if","locations":[{"start":{"line":55,"column":16},"end":{"line":58,"column":49}},{"start":{"line":55,"column":16},"end":{"line":58,"column":49}}],"line":55},"9":{"loc":{"start":{"line":63,"column":16},"end":{"line":66,"column":49}},"type":"if","locations":[{"start":{"line":63,"column":16},"end":{"line":66,"column":49}},{"start":{"line":63,"column":16},"end":{"line":66,"column":49}}],"line":63},"10":{"loc":{"start":{"line":71,"column":16},"end":{"line":74,"column":49}},"type":"if","locations":[{"start":{"line":71,"column":16},"end":{"line":74,"column":49}},{"start":{"line":71,"column":16},"end":{"line":74,"column":49}}],"line":71},"11":{"loc":{"start":{"line":83,"column":8},"end":{"line":87,"column":9}},"type":"if","locations":[{"start":{"line":83,"column":8},"end":{"line":87,"column":9}},{"start":{"line":83,"column":8},"end":{"line":87,"column":9}}],"line":83}},"s":{"0":1,"1":8,"2":8,"3":4,"4":25,"5":2,"6":4,"7":28,"8":5,"9":13,"10":1,"11":9,"12":0,"13":6,"14":25,"15":25,"16":25,"17":25,"18":25,"19":25,"20":18,"21":18,"22":18,"23":0,"24":0,"25":6,"26":6,"27":5,"28":5,"29":1,"30":1,"31":0,"32":0,"33":0,"34":0,"35":0,"36":0,"37":1,"38":1,"39":1,"40":2,"41":2,"42":2,"43":2,"44":1},"f":{"0":8,"1":4,"2":28,"3":6,"4":25},"b":{"0":[2,23],"1":[2,2],"2":[5,13,1,9,0],"3":[5,4],"4":[13,13],"5":[1,0],"6":[9,9],"7":[18,6,0,1],"8":[18,0],"9":[5,1],"10":[0,0],"11":[2,0]},"_coverageSchema":"1a1c01bbd47fc00a2c39e90264f33305004495a9","hash":"72599735bc9ba76aa28dd1234b4fc050578c68ca"}
,"C:\\Users\\enzoh\\Desktop\\Projects\\rover-nasa-problem\\src\\utils.js": {"path":"C:\\Users\\enzoh\\Desktop\\Projects\\rover-nasa-problem\\src\\utils.js","statementMap":{"0":{"start":{"line":1,"column":17},"end":{"line":5,"column":1}},"1":{"start":{"line":7,"column":19},"end":{"line":12,"column":1}},"2":{"start":{"line":14,"column":4},"end":{"line":54,"column":5}},"3":{"start":{"line":16,"column":12},"end":{"line":32,"column":13}},"4":{"start":{"line":18,"column":20},"end":{"line":18,"column":44}},"5":{"start":{"line":21,"column":20},"end":{"line":21,"column":44}},"6":{"start":{"line":24,"column":20},"end":{"line":24,"column":43}},"7":{"start":{"line":27,"column":20},"end":{"line":27,"column":43}},"8":{"start":{"line":30,"column":20},"end":{"line":30,"column":44}},"9":{"start":{"line":35,"column":12},"end":{"line":51,"column":13}},"10":{"start":{"line":37,"column":20},"end":{"line":37,"column":44}},"11":{"start":{"line":40,"column":20},"end":{"line":40,"column":44}},"12":{"start":{"line":43,"column":20},"end":{"line":43,"column":43}},"13":{"start":{"line":46,"column":20},"end":{"line":46,"column":43}},"14":{"start":{"line":49,"column":20},"end":{"line":49,"column":44}},"15":{"start":{"line":53,"column":17},"end":{"line":53,"column":35}},"16":{"start":{"line":56,"column":0},"end":{"line":60,"column":1}}},"fnMap":{"0":{"name":"getNextDirection","decl":{"start":{"line":13,"column":9},"end":{"line":13,"column":25}},"loc":{"start":{"line":13,"column":50},"end":{"line":55,"column":1}},"line":13}},"branchMap":{"0":{"loc":{"start":{"line":14,"column":4},"end":{"line":54,"column":5}},"type":"switch","locations":[{"start":{"line":15,"column":8},"end":{"line":33,"column":9}},{"start":{"line":34,"column":8},"end":{"line":52,"column":9}},{"start":{"line":53,"column":8},"end":{"line":53,"column":35}}],"line":14},"1":{"loc":{"start":{"line":16,"column":12},"end":{"line":32,"column":13}},"type":"switch","locations":[{"start":{"line":17,"column":16},"end":{"line":19,"column":17}},{"start":{"line":20,"column":16},"end":{"line":22,"column":17}},{"start":{"line":23,"column":16},"end":{"line":25,"column":17}},{"start":{"line":26,"column":16},"end":{"line":28,"column":17}},{"start":{"line":29,"column":16},"end":{"line":31,"column":17}}],"line":16},"2":{"loc":{"start":{"line":35,"column":12},"end":{"line":51,"column":13}},"type":"switch","locations":[{"start":{"line":36,"column":16},"end":{"line":38,"column":17}},{"start":{"line":39,"column":16},"end":{"line":41,"column":17}},{"start":{"line":42,"column":16},"end":{"line":44,"column":17}},{"start":{"line":45,"column":16},"end":{"line":47,"column":17}},{"start":{"line":48,"column":16},"end":{"line":50,"column":17}}],"line":35}},"s":{"0":3,"1":3,"2":24,"3":17,"4":4,"5":1,"6":1,"7":10,"8":1,"9":6,"10":1,"11":1,"12":1,"13":2,"14":1,"15":1,"16":3},"f":{"0":24},"b":{"0":[17,6,1],"1":[4,1,1,10,1],"2":[1,1,1,2,1]},"_coverageSchema":"1a1c01bbd47fc00a2c39e90264f33305004495a9","hash":"7276d20cb0e1f1bce84214510eb1a682372ce30f"}
}
