{"C:\\Users\\enzoh\\Desktop\\Projects\\rover-nasa-problem\\src\\Coordinate.js": {"path":"C:\\Users\\enzoh\\Desktop\\Projects\\rover-nasa-problem\\src\\Coordinate.js","statementMap":{"0":{"start":{"line":5,"column":8},"end":{"line":5,"column":19}},"1":{"start":{"line":6,"column":8},"end":{"line":6,"column":19}},"2":{"start":{"line":9,"column":8},"end":{"line":9,"column":39}},"3":{"start":{"line":12,"column":8},"end":{"line":12,"column":22}},"4":{"start":{"line":15,"column":8},"end":{"line":15,"column":22}},"5":{"start":{"line":19,"column":0},"end":{"line":19,"column":28}}},"fnMap":{"0":{"name":"(anonymous_0)","decl":{"start":{"line":4,"column":4},"end":{"line":4,"column":5}},"loc":{"start":{"line":4,"column":22},"end":{"line":7,"column":5}},"line":4},"1":{"name":"(anonymous_1)","decl":{"start":{"line":8,"column":4},"end":{"line":8,"column":5}},"loc":{"start":{"line":8,"column":20},"end":{"line":10,"column":5}},"line":8},"2":{"name":"(anonymous_2)","decl":{"start":{"line":11,"column":4},"end":{"line":11,"column":5}},"loc":{"start":{"line":11,"column":11},"end":{"line":13,"column":5}},"line":11},"3":{"name":"(anonymous_3)","decl":{"start":{"line":14,"column":4},"end":{"line":14,"column":5}},"loc":{"start":{"line":14,"column":11},"end":{"line":16,"column":5}},"line":14}},"branchMap":{},"s":{"0":48,"1":48,"2":24,"3":1,"4":1,"5":3},"f":{"0":48,"1":24,"2":1,"3":1},"b":{},"_coverageSchema":"1a1c01bbd47fc00a2c39e90264f33305004495a9","hash":"8ca16674c01cb439a69eab0984bf234056408b2c"}
,"C:\\Users\\enzoh\\Desktop\\Projects\\rover-nasa-problem\\src\\Planet.js": {"path":"C:\\Users\\enzoh\\Desktop\\Projects\\rover-nasa-problem\\src\\Planet.js","statementMap":{"0":{"start":{"line":6,"column":8},"end":{"line":6,"column":80}},"1":{"start":{"line":6,"column":56},"end":{"line":6,"column":78}},"2":{"start":{"line":7,"column":8},"end":{"line":7,"column":24}},"3":{"start":{"line":8,"column":8},"end":{"line":8,"column":24}},"4":{"start":{"line":12,"column":8},"end":{"line":12,"column":25}},"5":{"start":{"line":15,"column":8},"end":{"line":15,"column":25}},"6":{"start":{"line":18,"column":8},"end":{"line":18,"column":34}},"7":{"start":{"line":22,"column":8},"end":{"line":22,"column":34}},"8":{"start":{"line":26,"column":0},"end":{"line":26,"column":24}}},"fnMap":{"0":{"name":"(anonymous_0)","decl":{"start":{"line":5,"column":4},"end":{"line":5,"column":5}},"loc":{"start":{"line":5,"column":26},"end":{"line":9,"column":5}},"line":5},"1":{"name":"(anonymous_1)","decl":{"start":{"line":6,"column":50},"end":{"line":6,"column":51}},"loc":{"start":{"line":6,"column":56},"end":{"line":6,"column":78}},"line":6},"2":{"name":"(anonymous_2)","decl":{"start":{"line":11,"column":4},"end":{"line":11,"column":5}},"loc":{"start":{"line":11,"column":13},"end":{"line":13,"column":5}},"line":11},"3":{"name":"(anonymous_3)","decl":{"start":{"line":14,"column":4},"end":{"line":14,"column":5}},"loc":{"start":{"line":14,"column":13},"end":{"line":16,"column":5}},"line":14},"4":{"name":"(anonymous_4)","decl":{"start":{"line":17,"column":4},"end":{"line":17,"column":5}},"loc":{"start":{"line":17,"column":25},"end":{"line":19,"column":5}},"line":17},"5":{"name":"(anonymous_5)","decl":{"start":{"line":21,"column":4},"end":{"line":21,"column":5}},"loc":{"start":{"line":21,"column":22},"end":{"line":23,"column":5}},"line":21}},"branchMap":{},"s":{"0":2,"1":204,"2":2,"3":2,"4":24,"5":22,"6":40018,"7":6,"8":2},"f":{"0":2,"1":204,"2":24,"3":22,"4":40018,"5":6},"b":{},"_coverageSchema":"1a1c01bbd47fc00a2c39e90264f33305004495a9","hash":"e0ca3e17e8e81d42925d142fc18cc0c475806176"}
,"C:\\Users\\enzoh\\Desktop\\Projects\\rover-nasa-problem\\src\\Rover.js": {"path":"C:\\Users\\enzoh\\Desktop\\Projects\\rover-nasa-problem\\src\\Rover.js","statementMap":{"0":{"start":{"line":1,"column":19},"end":{"line":1,"column":42}},"1":{"start":{"line":2,"column":33},"end":{"line":2,"column":58}},"2":{"start":{"line":10,"column":8},"end":{"line":10,"column":24}},"3":{"start":{"line":11,"column":8},"end":{"line":11,"column":45}},"4":{"start":{"line":12,"column":8},"end":{"line":12,"column":43}},"5":{"start":{"line":13,"column":8},"end":{"line":13,"column":43}},"6":{"start":{"line":17,"column":8},"end":{"line":17,"column":38}},"7":{"start":{"line":21,"column":8},"end":{"line":21,"column":36}},"8":{"start":{"line":25,"column":8},"end":{"line":25,"column":32}},"9":{"start":{"line":29,"column":8},"end":{"line":29,"column":31}},"10":{"start":{"line":33,"column":8},"end":{"line":33,"column":36}},"11":{"start":{"line":37,"column":8},"end":{"line":37,"column":26}},"12":{"start":{"line":42,"column":8},"end":{"line":46,"column":9}},"13":{"start":{"line":43,"column":35},"end":{"line":43,"column":68}},"14":{"start":{"line":44,"column":12},"end":{"line":44,"column":58}},"15":{"start":{"line":45,"column":12},"end":{"line":45,"column":47}},"16":{"start":{"line":51,"column":28},"end":{"line":51,"column":32}},"17":{"start":{"line":52,"column":8},"end":{"line":74,"column":9}},"18":{"start":{"line":54,"column":33},"end":{"line":54,"column":65}},"19":{"start":{"line":55,"column":16},"end":{"line":55,"column":57}},"20":{"start":{"line":56,"column":16},"end":{"line":56,"column":22}},"21":{"start":{"line":59,"column":33},"end":{"line":59,"column":65}},"22":{"start":{"line":60,"column":16},"end":{"line":60,"column":57}},"23":{"start":{"line":61,"column":16},"end":{"line":61,"column":22}},"24":{"start":{"line":64,"column":33},"end":{"line":64,"column":65}},"25":{"start":{"line":65,"column":16},"end":{"line":65,"column":57}},"26":{"start":{"line":66,"column":16},"end":{"line":66,"column":22}},"27":{"start":{"line":69,"column":33},"end":{"line":69,"column":65}},"28":{"start":{"line":70,"column":16},"end":{"line":70,"column":57}},"29":{"start":{"line":71,"column":16},"end":{"line":71,"column":22}},"30":{"start":{"line":73,"column":21},"end":{"line":73,"column":27}},"31":{"start":{"line":75,"column":8},"end":{"line":78,"column":9}},"32":{"start":{"line":76,"column":12},"end":{"line":76,"column":46}},"33":{"start":{"line":77,"column":12},"end":{"line":77,"column":46}},"34":{"start":{"line":83,"column":8},"end":{"line":99,"column":9}},"35":{"start":{"line":85,"column":16},"end":{"line":85,"column":35}},"36":{"start":{"line":86,"column":16},"end":{"line":86,"column":22}},"37":{"start":{"line":89,"column":16},"end":{"line":89,"column":51}},"38":{"start":{"line":90,"column":16},"end":{"line":90,"column":35}},"39":{"start":{"line":91,"column":16},"end":{"line":91,"column":22}},"40":{"start":{"line":94,"column":16},"end":{"line":94,"column":51}},"41":{"start":{"line":95,"column":16},"end":{"line":95,"column":35}},"42":{"start":{"line":96,"column":16},"end":{"line":96,"column":22}},"43":{"start":{"line":98,"column":21},"end":{"line":98,"column":27}},"44":{"start":{"line":103,"column":0},"end":{"line":103,"column":23}}},"fnMap":{"0":{"name":"(anonymous_0)","decl":{"start":{"line":9,"column":4},"end":{"line":9,"column":5}},"loc":{"start":{"line":9,"column":53},"end":{"line":14,"column":5}},"line":9},"1":{"name":"(anonymous_1)","decl":{"start":{"line":16,"column":4},"end":{"line":16,"column":5}},"loc":{"start":{"line":16,"column":30},"end":{"line":18,"column":5}},"line":16},"2":{"name":"(anonymous_2)","decl":{"start":{"line":20,"column":4},"end":{"line":20,"column":5}},"loc":{"start":{"line":20,"column":28},"end":{"line":22,"column":5}},"line":20},"3":{"name":"(anonymous_3)","decl":{"start":{"line":24,"column":4},"end":{"line":24,"column":5}},"loc":{"start":{"line":24,"column":20},"end":{"line":26,"column":5}},"line":24},"4":{"name":"(anonymous_4)","decl":{"start":{"line":28,"column":4},"end":{"line":28,"column":5}},"loc":{"start":{"line":28,"column":19},"end":{"line":30,"column":5}},"line":28},"5":{"name":"(anonymous_5)","decl":{"start":{"line":32,"column":4},"end":{"line":32,"column":5}},"loc":{"start":{"line":32,"column":30},"end":{"line":34,"column":5}},"line":32},"6":{"name":"(anonymous_6)","decl":{"start":{"line":36,"column":4},"end":{"line":36,"column":5}},"loc":{"start":{"line":36,"column":14},"end":{"line":38,"column":5}},"line":36},"7":{"name":"(anonymous_7)","decl":{"start":{"line":40,"column":4},"end":{"line":40,"column":5}},"loc":{"start":{"line":40,"column":27},"end":{"line":48,"column":5}},"line":40},"8":{"name":"(anonymous_8)","decl":{"start":{"line":50,"column":4},"end":{"line":50,"column":5}},"loc":{"start":{"line":50,"column":18},"end":{"line":80,"column":5}},"line":50},"9":{"name":"(anonymous_9)","decl":{"start":{"line":82,"column":4},"end":{"line":82,"column":5}},"loc":{"start":{"line":82,"column":28},"end":{"line":100,"column":5}},"line":82}},"branchMap":{"0":{"loc":{"start":{"line":42,"column":8},"end":{"line":46,"column":9}},"type":"if","locations":[{"start":{"line":42,"column":8},"end":{"line":46,"column":9}},{"start":{"line":42,"column":8},"end":{"line":46,"column":9}}],"line":42},"1":{"loc":{"start":{"line":52,"column":8},"end":{"line":74,"column":9}},"type":"switch","locations":[{"start":{"line":53,"column":12},"end":{"line":57,"column":13}},{"start":{"line":58,"column":12},"end":{"line":62,"column":13}},{"start":{"line":63,"column":12},"end":{"line":67,"column":13}},{"start":{"line":68,"column":12},"end":{"line":72,"column":13}},{"start":{"line":73,"column":12},"end":{"line":73,"column":27}}],"line":52},"2":{"loc":{"start":{"line":75,"column":8},"end":{"line":78,"column":9}},"type":"if","locations":[{"start":{"line":75,"column":8},"end":{"line":78,"column":9}},{"start":{"line":75,"column":8},"end":{"line":78,"column":9}}],"line":75},"3":{"loc":{"start":{"line":83,"column":8},"end":{"line":99,"column":9}},"type":"switch","locations":[{"start":{"line":84,"column":12},"end":{"line":87,"column":13}},{"start":{"line":88,"column":12},"end":{"line":92,"column":13}},{"start":{"line":93,"column":12},"end":{"line":97,"column":13}},{"start":{"line":98,"column":12},"end":{"line":98,"column":27}}],"line":83}},"s":{"0":2,"1":2,"2":22,"3":22,"4":22,"5":22,"6":27,"7":6,"8":33,"9":22,"10":24,"11":8,"12":4,"13":3,"14":3,"15":3,"16":24,"17":24,"18":1,"19":1,"20":1,"21":12,"22":12,"23":12,"24":2,"25":2,"26":2,"27":8,"28":8,"29":8,"30":1,"31":24,"32":23,"33":23,"34":20,"35":14,"36":14,"37":1,"38":1,"39":1,"40":4,"41":4,"42":4,"43":1,"44":2},"f":{"0":22,"1":27,"2":6,"3":33,"4":22,"5":24,"6":8,"7":4,"8":24,"9":20},"b":{"0":[3,1],"1":[1,12,2,8,1],"2":[23,1],"3":[14,1,4,1]},"_coverageSchema":"1a1c01bbd47fc00a2c39e90264f33305004495a9","hash":"4b363bb21c00f11d7e0267698a64c3d3cfc196c5"}
,"C:\\Users\\enzoh\\Desktop\\Projects\\rover-nasa-problem\\src\\RoverHandler.js": {"path":"C:\\Users\\enzoh\\Desktop\\Projects\\rover-nasa-problem\\src\\RoverHandler.js","statementMap":{"0":{"start":{"line":1,"column":17},"end":{"line":5,"column":1}},"1":{"start":{"line":7,"column":19},"end":{"line":12,"column":1}},"2":{"start":{"line":18,"column":8},"end":{"line":18,"column":28}},"3":{"start":{"line":19,"column":8},"end":{"line":19,"column":30}},"4":{"start":{"line":24,"column":8},"end":{"line":27,"column":9}},"5":{"start":{"line":25,"column":12},"end":{"line":26,"column":22}},"6":{"start":{"line":26,"column":16},"end":{"line":26,"column":22}},"7":{"start":{"line":28,"column":8},"end":{"line":28,"column":109}},"8":{"start":{"line":33,"column":8},"end":{"line":49,"column":9}},"9":{"start":{"line":35,"column":16},"end":{"line":35,"column":71}},"10":{"start":{"line":38,"column":16},"end":{"line":38,"column":80}},"11":{"start":{"line":41,"column":16},"end":{"line":41,"column":71}},"12":{"start":{"line":44,"column":16},"end":{"line":44,"column":80}},"13":{"start":{"line":47,"column":16},"end":{"line":47,"column":29}},"14":{"start":{"line":53,"column":8},"end":{"line":69,"column":9}},"15":{"start":{"line":55,"column":16},"end":{"line":58,"column":81}},"16":{"start":{"line":55,"column":52},"end":{"line":55,"column":76}},"17":{"start":{"line":56,"column":21},"end":{"line":58,"column":81}},"18":{"start":{"line":56,"column":57},"end":{"line":56,"column":81}},"19":{"start":{"line":57,"column":21},"end":{"line":58,"column":81}},"20":{"start":{"line":57,"column":58},"end":{"line":57,"column":81}},"21":{"start":{"line":58,"column":21},"end":{"line":58,"column":81}},"22":{"start":{"line":58,"column":58},"end":{"line":58,"column":81}},"23":{"start":{"line":59,"column":16},"end":{"line":59,"column":22}},"24":{"start":{"line":62,"column":16},"end":{"line":65,"column":81}},"25":{"start":{"line":62,"column":52},"end":{"line":62,"column":76}},"26":{"start":{"line":63,"column":21},"end":{"line":65,"column":81}},"27":{"start":{"line":63,"column":57},"end":{"line":63,"column":81}},"28":{"start":{"line":64,"column":21},"end":{"line":65,"column":81}},"29":{"start":{"line":64,"column":58},"end":{"line":64,"column":81}},"30":{"start":{"line":65,"column":21},"end":{"line":65,"column":81}},"31":{"start":{"line":65,"column":58},"end":{"line":65,"column":81}},"32":{"start":{"line":66,"column":16},"end":{"line":66,"column":22}},"33":{"start":{"line":68,"column":21},"end":{"line":68,"column":39}},"34":{"start":{"line":72,"column":23},"end":{"line":72,"column":44}},"35":{"start":{"line":73,"column":23},"end":{"line":73,"column":44}},"36":{"start":{"line":74,"column":33},"end":{"line":74,"column":59}},"37":{"start":{"line":75,"column":25},"end":{"line":75,"column":52}},"38":{"start":{"line":76,"column":33},"end":{"line":76,"column":38}},"39":{"start":{"line":78,"column":8},"end":{"line":107,"column":9}},"40":{"start":{"line":80,"column":16},"end":{"line":83,"column":49}},"41":{"start":{"line":81,"column":20},"end":{"line":81,"column":56}},"42":{"start":{"line":82,"column":20},"end":{"line":82,"column":32}},"43":{"start":{"line":83,"column":23},"end":{"line":83,"column":49}},"44":{"start":{"line":84,"column":16},"end":{"line":84,"column":22}},"45":{"start":{"line":87,"column":40},"end":{"line":87,"column":90}},"46":{"start":{"line":88,"column":16},"end":{"line":91,"column":49}},"47":{"start":{"line":89,"column":20},"end":{"line":89,"column":56}},"48":{"start":{"line":90,"column":20},"end":{"line":90,"column":32}},"49":{"start":{"line":91,"column":23},"end":{"line":91,"column":49}},"50":{"start":{"line":92,"column":16},"end":{"line":92,"column":22}},"51":{"start":{"line":95,"column":40},"end":{"line":95,"column":90}},"52":{"start":{"line":96,"column":16},"end":{"line":99,"column":49}},"53":{"start":{"line":97,"column":20},"end":{"line":97,"column":56}},"54":{"start":{"line":98,"column":20},"end":{"line":98,"column":32}},"55":{"start":{"line":99,"column":23},"end":{"line":99,"column":49}},"56":{"start":{"line":100,"column":16},"end":{"line":100,"column":22}},"57":{"start":{"line":103,"column":16},"end":{"line":103,"column":48}},"58":{"start":{"line":104,"column":16},"end":{"line":104,"column":42}},"59":{"start":{"line":105,"column":16},"end":{"line":105,"column":22}},"60":{"start":{"line":108,"column":8},"end":{"line":112,"column":9}},"61":{"start":{"line":109,"column":12},"end":{"line":109,"column":88}},"62":{"start":{"line":110,"column":12},"end":{"line":110,"column":47}},"63":{"start":{"line":111,"column":12},"end":{"line":111,"column":25}},"64":{"start":{"line":116,"column":0},"end":{"line":120,"column":1}}},"fnMap":{"0":{"name":"(anonymous_0)","decl":{"start":{"line":17,"column":4},"end":{"line":17,"column":5}},"loc":{"start":{"line":17,"column":31},"end":{"line":20,"column":5}},"line":17},"1":{"name":"(anonymous_1)","decl":{"start":{"line":22,"column":4},"end":{"line":22,"column":5}},"loc":{"start":{"line":22,"column":30},"end":{"line":30,"column":5}},"line":22},"2":{"name":"(anonymous_2)","decl":{"start":{"line":32,"column":4},"end":{"line":32,"column":5}},"loc":{"start":{"line":32,"column":60},"end":{"line":50,"column":5}},"line":32},"3":{"name":"(anonymous_3)","decl":{"start":{"line":52,"column":4},"end":{"line":52,"column":5}},"loc":{"start":{"line":52,"column":47},"end":{"line":70,"column":5}},"line":52},"4":{"name":"(anonymous_4)","decl":{"start":{"line":71,"column":4},"end":{"line":71,"column":5}},"loc":{"start":{"line":71,"column":26},"end":{"line":113,"column":5}},"line":71}},"branchMap":{"0":{"loc":{"start":{"line":25,"column":12},"end":{"line":26,"column":22}},"type":"if","locations":[{"start":{"line":25,"column":12},"end":{"line":26,"column":22}},{"start":{"line":25,"column":12},"end":{"line":26,"column":22}}],"line":25},"1":{"loc":{"start":{"line":28,"column":15},"end":{"line":28,"column":108}},"type":"cond-expr","locations":[{"start":{"line":28,"column":39},"end":{"line":28,"column":69}},{"start":{"line":28,"column":72},"end":{"line":28,"column":108}}],"line":28},"2":{"loc":{"start":{"line":33,"column":8},"end":{"line":49,"column":9}},"type":"switch","locations":[{"start":{"line":34,"column":12},"end":{"line":36,"column":13}},{"start":{"line":37,"column":12},"end":{"line":39,"column":13}},{"start":{"line":40,"column":12},"end":{"line":42,"column":13}},{"start":{"line":43,"column":12},"end":{"line":45,"column":13}},{"start":{"line":46,"column":12},"end":{"line":48,"column":13}}],"line":33},"3":{"loc":{"start":{"line":35,"column":23},"end":{"line":35,"column":70}},"type":"binary-expr","locations":[{"start":{"line":35,"column":23},"end":{"line":35,"column":28}},{"start":{"line":35,"column":32},"end":{"line":35,"column":70}}],"line":35},"4":{"loc":{"start":{"line":38,"column":23},"end":{"line":38,"column":79}},"type":"binary-expr","locations":[{"start":{"line":38,"column":23},"end":{"line":38,"column":37}},{"start":{"line":38,"column":41},"end":{"line":38,"column":79}}],"line":38},"5":{"loc":{"start":{"line":41,"column":23},"end":{"line":41,"column":70}},"type":"binary-expr","locations":[{"start":{"line":41,"column":23},"end":{"line":41,"column":28}},{"start":{"line":41,"column":32},"end":{"line":41,"column":70}}],"line":41},"6":{"loc":{"start":{"line":44,"column":23},"end":{"line":44,"column":79}},"type":"binary-expr","locations":[{"start":{"line":44,"column":23},"end":{"line":44,"column":37}},{"start":{"line":44,"column":41},"end":{"line":44,"column":79}}],"line":44},"7":{"loc":{"start":{"line":53,"column":8},"end":{"line":69,"column":9}},"type":"switch","locations":[{"start":{"line":54,"column":12},"end":{"line":60,"column":13}},{"start":{"line":61,"column":12},"end":{"line":67,"column":13}},{"start":{"line":68,"column":12},"end":{"line":68,"column":39}}],"line":53},"8":{"loc":{"start":{"line":55,"column":16},"end":{"line":58,"column":81}},"type":"if","locations":[{"start":{"line":55,"column":16},"end":{"line":58,"column":81}},{"start":{"line":55,"column":16},"end":{"line":58,"column":81}}],"line":55},"9":{"loc":{"start":{"line":56,"column":21},"end":{"line":58,"column":81}},"type":"if","locations":[{"start":{"line":56,"column":21},"end":{"line":58,"column":81}},{"start":{"line":56,"column":21},"end":{"line":58,"column":81}}],"line":56},"10":{"loc":{"start":{"line":57,"column":21},"end":{"line":58,"column":81}},"type":"if","locations":[{"start":{"line":57,"column":21},"end":{"line":58,"column":81}},{"start":{"line":57,"column":21},"end":{"line":58,"column":81}}],"line":57},"11":{"loc":{"start":{"line":58,"column":21},"end":{"line":58,"column":81}},"type":"if","locations":[{"start":{"line":58,"column":21},"end":{"line":58,"column":81}},{"start":{"line":58,"column":21},"end":{"line":58,"column":81}}],"line":58},"12":{"loc":{"start":{"line":62,"column":16},"end":{"line":65,"column":81}},"type":"if","locations":[{"start":{"line":62,"column":16},"end":{"line":65,"column":81}},{"start":{"line":62,"column":16},"end":{"line":65,"column":81}}],"line":62},"13":{"loc":{"start":{"line":63,"column":21},"end":{"line":65,"column":81}},"type":"if","locations":[{"start":{"line":63,"column":21},"end":{"line":65,"column":81}},{"start":{"line":63,"column":21},"end":{"line":65,"column":81}}],"line":63},"14":{"loc":{"start":{"line":64,"column":21},"end":{"line":65,"column":81}},"type":"if","locations":[{"start":{"line":64,"column":21},"end":{"line":65,"column":81}},{"start":{"line":64,"column":21},"end":{"line":65,"column":81}}],"line":64},"15":{"loc":{"start":{"line":65,"column":21},"end":{"line":65,"column":81}},"type":"if","locations":[{"start":{"line":65,"column":21},"end":{"line":65,"column":81}},{"start":{"line":65,"column":21},"end":{"line":65,"column":81}}],"line":65},"16":{"loc":{"start":{"line":78,"column":8},"end":{"line":107,"column":9}},"type":"switch","locations":[{"start":{"line":79,"column":12},"end":{"line":85,"column":13}},{"start":{"line":86,"column":12},"end":{"line":93,"column":13}},{"start":{"line":94,"column":12},"end":{"line":101,"column":13}},{"start":{"line":102,"column":12},"end":{"line":106,"column":13}}],"line":78},"17":{"loc":{"start":{"line":80,"column":16},"end":{"line":83,"column":49}},"type":"if","locations":[{"start":{"line":80,"column":16},"end":{"line":83,"column":49}},{"start":{"line":80,"column":16},"end":{"line":83,"column":49}}],"line":80},"18":{"loc":{"start":{"line":88,"column":16},"end":{"line":91,"column":49}},"type":"if","locations":[{"start":{"line":88,"column":16},"end":{"line":91,"column":49}},{"start":{"line":88,"column":16},"end":{"line":91,"column":49}}],"line":88},"19":{"loc":{"start":{"line":96,"column":16},"end":{"line":99,"column":49}},"type":"if","locations":[{"start":{"line":96,"column":16},"end":{"line":99,"column":49}},{"start":{"line":96,"column":16},"end":{"line":99,"column":49}}],"line":96},"20":{"loc":{"start":{"line":108,"column":8},"end":{"line":112,"column":9}},"type":"if","locations":[{"start":{"line":108,"column":8},"end":{"line":112,"column":9}},{"start":{"line":108,"column":8},"end":{"line":112,"column":9}}],"line":108}},"s":{"0":2,"1":2,"2":9,"3":9,"4":3,"5":17,"6":2,"7":3,"8":20,"9":1,"10":11,"11":1,"12":7,"13":0,"14":12,"15":5,"16":2,"17":3,"18":1,"19":2,"20":1,"21":1,"22":1,"23":0,"24":7,"25":1,"26":6,"27":1,"28":5,"29":1,"30":4,"31":4,"32":0,"33":0,"34":17,"35":17,"36":17,"37":17,"38":17,"39":17,"40":12,"41":12,"42":12,"43":0,"44":0,"45":1,"46":1,"47":0,"48":0,"49":1,"50":1,"51":3,"52":3,"53":3,"54":3,"55":0,"56":0,"57":1,"58":1,"59":1,"60":2,"61":2,"62":2,"63":2,"64":2},"f":{"0":9,"1":3,"2":20,"3":12,"4":17},"b":{"0":[2,15],"1":[1,2],"2":[1,11,1,7,0],"3":[1,0],"4":[11,10],"5":[1,0],"6":[7,7],"7":[5,7,0],"8":[2,3],"9":[1,2],"10":[1,1],"11":[1,0],"12":[1,6],"13":[1,5],"14":[1,4],"15":[4,0],"16":[12,1,3,1],"17":[12,0],"18":[0,1],"19":[3,0],"20":[2,0]},"_coverageSchema":"1a1c01bbd47fc00a2c39e90264f33305004495a9","hash":"b0dc82a9c194c78ef9e1a7cac1f136f2253e1250"}
}
