TN:
SF:src\Coordinate.js
FN:4,(anonymous_0)
FN:8,(anonymous_1)
FN:11,(anonymous_2)
FN:14,(anonymous_3)
FNF:4
FNH:4
FNDA:48,(anonymous_0)
FNDA:24,(anonymous_1)
FNDA:1,(anonymous_2)
FNDA:1,(anonymous_3)
DA:5,48
DA:6,48
DA:9,24
DA:12,1
DA:15,1
DA:19,3
LF:6
LH:6
BRF:0
BRH:0
end_of_record
TN:
SF:src\Planet.js
FN:5,(anonymous_0)
FN:6,(anonymous_1)
FN:11,(anonymous_2)
FN:14,(anonymous_3)
FN:17,(anonymous_4)
FN:21,(anonymous_5)
FNF:6
FNH:6
FNDA:2,(anonymous_0)
FNDA:204,(anonymous_1)
FNDA:24,(anonymous_2)
FNDA:22,(anonymous_3)
FNDA:40018,(anonymous_4)
FNDA:6,(anonymous_5)
DA:6,204
DA:7,2
DA:8,2
DA:12,24
DA:15,22
DA:18,40018
DA:22,6
DA:26,2
LF:8
LH:8
BRF:0
BRH:0
end_of_record
TN:
SF:src\Rover.js
FN:9,(anonymous_0)
FN:16,(anonymous_1)
FN:20,(anonymous_2)
FN:24,(anonymous_3)
FN:28,(anonymous_4)
FN:32,(anonymous_5)
FN:36,(anonymous_6)
FN:40,(anonymous_7)
FN:50,(anonymous_8)
FN:82,(anonymous_9)
FNF:10
FNH:10
FNDA:22,(anonymous_0)
FNDA:27,(anonymous_1)
FNDA:6,(anonymous_2)
FNDA:33,(anonymous_3)
FNDA:22,(anonymous_4)
FNDA:24,(anonymous_5)
FNDA:8,(anonymous_6)
FNDA:4,(anonymous_7)
FNDA:24,(anonymous_8)
FNDA:20,(anonymous_9)
DA:1,2
DA:2,2
DA:10,22
DA:11,22
DA:12,22
DA:13,22
DA:17,27
DA:21,6
DA:25,33
DA:29,22
DA:33,24
DA:37,8
DA:42,4
DA:43,3
DA:44,3
DA:45,3
DA:51,24
DA:52,24
DA:54,1
DA:55,1
DA:56,1
DA:59,12
DA:60,12
DA:61,12
DA:64,2
DA:65,2
DA:66,2
DA:69,8
DA:70,8
DA:71,8
DA:73,1
DA:75,24
DA:76,23
DA:77,23
DA:83,20
DA:85,14
DA:86,14
DA:89,1
DA:90,1
DA:91,1
DA:94,4
DA:95,4
DA:96,4
DA:98,1
DA:103,2
LF:45
LH:45
BRDA:42,0,0,3
BRDA:42,0,1,1
BRDA:52,1,0,1
BRDA:52,1,1,12
BRDA:52,1,2,2
BRDA:52,1,3,8
BRDA:52,1,4,1
BRDA:75,2,0,23
BRDA:75,2,1,1
BRDA:83,3,0,14
BRDA:83,3,1,1
BRDA:83,3,2,4
BRDA:83,3,3,1
BRF:13
BRH:13
end_of_record
TN:
SF:src\RoverHandler.js
FN:17,(anonymous_0)
FN:22,(anonymous_1)
FN:32,(anonymous_2)
FN:52,(anonymous_3)
FN:71,(anonymous_4)
FNF:5
FNH:5
FNDA:9,(anonymous_0)
FNDA:3,(anonymous_1)
FNDA:20,(anonymous_2)
FNDA:12,(anonymous_3)
FNDA:17,(anonymous_4)
DA:1,2
DA:7,2
DA:18,9
DA:19,9
DA:24,3
DA:25,17
DA:26,2
DA:28,3
DA:33,20
DA:35,1
DA:38,11
DA:41,1
DA:44,7
DA:47,0
DA:53,12
DA:55,5
DA:56,3
DA:57,2
DA:58,1
DA:59,0
DA:62,7
DA:63,6
DA:64,5
DA:65,4
DA:66,0
DA:68,0
DA:72,17
DA:73,17
DA:74,17
DA:75,17
DA:76,17
DA:78,17
DA:80,12
DA:81,12
DA:82,12
DA:83,0
DA:84,0
DA:87,1
DA:88,1
DA:89,0
DA:90,0
DA:91,1
DA:92,1
DA:95,3
DA:96,3
DA:97,3
DA:98,3
DA:99,0
DA:100,0
DA:103,1
DA:104,1
DA:105,1
DA:108,2
DA:109,2
DA:110,2
DA:111,2
DA:116,2
LF:57
LH:47
BRDA:25,0,0,2
BRDA:25,0,1,15
BRDA:28,1,0,1
BRDA:28,1,1,2
BRDA:33,2,0,1
BRDA:33,2,1,11
BRDA:33,2,2,1
BRDA:33,2,3,7
BRDA:33,2,4,0
BRDA:35,3,0,1
BRDA:35,3,1,0
BRDA:38,4,0,11
BRDA:38,4,1,10
BRDA:41,5,0,1
BRDA:41,5,1,0
BRDA:44,6,0,7
BRDA:44,6,1,7
BRDA:53,7,0,5
BRDA:53,7,1,7
BRDA:53,7,2,0
BRDA:55,8,0,2
BRDA:55,8,1,3
BRDA:56,9,0,1
BRDA:56,9,1,2
BRDA:57,10,0,1
BRDA:57,10,1,1
BRDA:58,11,0,1
BRDA:58,11,1,0
BRDA:62,12,0,1
BRDA:62,12,1,6
BRDA:63,13,0,1
BRDA:63,13,1,5
BRDA:64,14,0,1
BRDA:64,14,1,4
BRDA:65,15,0,4
BRDA:65,15,1,0
BRDA:78,16,0,12
BRDA:78,16,1,1
BRDA:78,16,2,3
BRDA:78,16,3,1
BRDA:80,17,0,12
BRDA:80,17,1,0
BRDA:88,18,0,0
BRDA:88,18,1,1
BRDA:96,19,0,3
BRDA:96,19,1,0
BRDA:108,20,0,2
BRDA:108,20,1,0
BRF:48
BRH:38
end_of_record
