TN:
SF:src\Coordinate.js
FN:4,(anonymous_0)
FN:8,(anonymous_1)
FN:11,(anonymous_2)
FN:14,(anonymous_3)
FNF:4
FNH:4
FNDA:55,(anonymous_0)
FNDA:32,(anonymous_1)
FNDA:1,(anonymous_2)
FNDA:1,(anonymous_3)
DA:5,55
DA:6,55
DA:9,32
DA:12,1
DA:15,1
DA:19,3
LF:6
LH:6
BRF:0
BRH:0
end_of_record
TN:
SF:src\Planet.js
FN:5,(anonymous_0)
FN:6,(anonymous_1)
FN:11,(anonymous_2)
FN:14,(anonymous_3)
FN:17,(anonymous_4)
FN:21,(anonymous_5)
FNF:6
FNH:6
FNDA:3,(anonymous_0)
FNDA:208,(anonymous_1)
FNDA:32,(anonymous_2)
FNDA:30,(anonymous_3)
FNDA:40027,(anonymous_4)
FNDA:13,(anonymous_5)
DA:6,208
DA:7,3
DA:8,3
DA:12,32
DA:15,30
DA:18,40027
DA:22,13
DA:26,2
LF:8
LH:8
BRF:0
BRH:0
end_of_record
TN:
SF:src\Rover.js
FN:9,(anonymous_0)
FN:16,(anonymous_1)
FN:20,(anonymous_2)
FN:24,(anonymous_3)
FN:28,(anonymous_4)
FN:32,(anonymous_5)
FN:36,(anonymous_6)
FN:40,(anonymous_7)
FN:50,(anonymous_8)
FN:82,(anonymous_9)
FNF:10
FNH:10
FNDA:21,(anonymous_0)
FNDA:35,(anonymous_1)
FNDA:8,(anonymous_2)
FNDA:42,(anonymous_3)
FNDA:30,(anonymous_4)
FNDA:32,(anonymous_5)
FNDA:8,(anonymous_6)
FNDA:4,(anonymous_7)
FNDA:32,(anonymous_8)
FNDA:28,(anonymous_9)
DA:1,2
DA:2,2
DA:10,21
DA:11,21
DA:12,21
DA:13,21
DA:17,35
DA:21,8
DA:25,42
DA:29,30
DA:33,32
DA:37,8
DA:42,4
DA:43,3
DA:44,3
DA:45,3
DA:51,32
DA:52,32
DA:54,4
DA:55,4
DA:56,4
DA:59,15
DA:60,15
DA:61,15
DA:64,2
DA:65,2
DA:66,2
DA:69,10
DA:70,10
DA:71,10
DA:73,1
DA:75,32
DA:76,31
DA:77,31
DA:83,28
DA:85,20
DA:86,20
DA:89,6
DA:90,6
DA:91,6
DA:94,1
DA:95,1
DA:96,1
DA:98,1
DA:104,2
LF:45
LH:45
BRDA:42,0,0,3
BRDA:42,0,1,1
BRDA:52,1,0,4
BRDA:52,1,1,15
BRDA:52,1,2,2
BRDA:52,1,3,10
BRDA:52,1,4,1
BRDA:75,2,0,31
BRDA:75,2,1,1
BRDA:83,3,0,20
BRDA:83,3,1,6
BRDA:83,3,2,1
BRDA:83,3,3,1
BRF:13
BRH:13
end_of_record
TN:
SF:src\RoverHandler.js
FN:8,(anonymous_0)
FN:13,(anonymous_1)
FN:23,(anonymous_2)
FN:43,(anonymous_3)
FN:46,(anonymous_4)
FNF:5
FNH:5
FNDA:8,(anonymous_0)
FNDA:4,(anonymous_1)
FNDA:28,(anonymous_2)
FNDA:6,(anonymous_3)
FNDA:25,(anonymous_4)
DA:1,1
DA:9,8
DA:10,8
DA:15,4
DA:16,25
DA:17,2
DA:19,4
DA:24,28
DA:26,5
DA:29,13
DA:32,1
DA:35,9
DA:38,0
DA:44,6
DA:47,25
DA:48,25
DA:49,25
DA:50,25
DA:51,25
DA:53,25
DA:55,18
DA:56,18
DA:57,18
DA:58,0
DA:59,0
DA:62,6
DA:63,6
DA:64,5
DA:65,5
DA:66,1
DA:67,1
DA:70,0
DA:71,0
DA:72,0
DA:73,0
DA:74,0
DA:75,0
DA:78,1
DA:79,1
DA:80,1
DA:83,2
DA:84,2
DA:85,2
DA:86,2
DA:91,1
LF:45
LH:36
BRDA:16,0,0,2
BRDA:16,0,1,23
BRDA:19,1,0,2
BRDA:19,1,1,2
BRDA:24,2,0,5
BRDA:24,2,1,13
BRDA:24,2,2,1
BRDA:24,2,3,9
BRDA:24,2,4,0
BRDA:26,3,0,5
BRDA:26,3,1,4
BRDA:29,4,0,13
BRDA:29,4,1,13
BRDA:32,5,0,1
BRDA:32,5,1,0
BRDA:35,6,0,9
BRDA:35,6,1,9
BRDA:53,7,0,18
BRDA:53,7,1,6
BRDA:53,7,2,0
BRDA:53,7,3,1
BRDA:55,8,0,18
BRDA:55,8,1,0
BRDA:63,9,0,5
BRDA:63,9,1,1
BRDA:71,10,0,0
BRDA:71,10,1,0
BRDA:83,11,0,2
BRDA:83,11,1,0
BRF:29
BRH:22
end_of_record
TN:
SF:src\utils.js
FN:13,getNextDirection
FNF:1
FNH:1
FNDA:24,getNextDirection
DA:1,3
DA:7,3
DA:14,24
DA:16,17
DA:18,4
DA:21,1
DA:24,1
DA:27,10
DA:30,1
DA:35,6
DA:37,1
DA:40,1
DA:43,1
DA:46,2
DA:49,1
DA:53,1
DA:56,3
LF:17
LH:17
BRDA:14,0,0,17
BRDA:14,0,1,6
BRDA:14,0,2,1
BRDA:16,1,0,4
BRDA:16,1,1,1
BRDA:16,1,2,1
BRDA:16,1,3,10
BRDA:16,1,4,1
BRDA:35,2,0,1
BRDA:35,2,1,1
BRDA:35,2,2,1
BRDA:35,2,3,2
BRDA:35,2,4,1
BRF:13
BRH:13
end_of_record
